<?xml version="1.0" encoding="UTF-8"?>
<!-- Generated by org.testng.reporters.JUnitReportReporter -->
<testsuite skipped="0" hostname="User-PC" name="basic.BasicTestNg" tests="2" failures="0" timestamp="2020-12-10T19:14:09 IST" time="0.000" errors="0">
  <testcase name="function1" time="0.000" classname="basic.BasicTestNg"/>
  <system-out/>
  <testcase name="function2" time="0.000" classname="basic.BasicTestNg"/>
  <system-out/>
</testsuite> <!-- basic.BasicTestNg -->
