<?xml version="1.0" encoding="UTF-8"?>
<!-- Generated by org.testng.reporters.JUnitReportReporter -->
<testsuite skipped="0" hostname="User-PC" name="testcase.HomepageTest" tests="2" failures="0" timestamp="2021-03-08T11:14:58 IST" time="42.441" errors="0">
  <testcase name="createaccountTest" time="21.725" classname="testcase.HomepageTest"/>
  <system-out/>
  <testcase name="gmailclickTest" time="20.716" classname="testcase.HomepageTest"/>
  <system-out/>
</testsuite> <!-- testcase.HomepageTest -->
