<?xml version="1.0" encoding="UTF-8"?>
<!-- Generated by org.testng.reporters.JUnitReportReporter -->
<testsuite skipped="0" hostname="User-PC" name="testcase.HomePage" tests="1" failures="0" timestamp="2020-12-08T21:39:59 IST" time="18.981" errors="0">
  <testcase name="gmail" time="18.981" classname="testcase.HomePage"/>
  <system-out/>
</testsuite> <!-- testcase.HomePage -->
