<?xml version="1.0" encoding="UTF-8"?>
<!-- Generated by org.testng.reporters.JUnitReportReporter -->
<testsuite skipped="0" hostname="User-PC" name="base.Testt" tests="1" failures="0" timestamp="2020-12-08T18:51:04 IST" time="0.025" errors="0">
  <testcase name="test" time="0.025" classname="base.Testt"/>
  <system-out/>
</testsuite> <!-- base.Testt -->
