<?xml version="1.0" encoding="UTF-8"?>
<!-- Generated by org.testng.reporters.JUnitReportReporter -->
<testsuite skipped="0" hostname="User-PC" name="base.NewTestng" tests="1" failures="0" timestamp="2020-12-08T20:06:22 IST" time="0.032" errors="0">
  <testcase name="f" time="0.032" classname="base.NewTestng"/>
  <system-out/>
</testsuite> <!-- base.NewTestng -->
